[2023-01-26T17:46:50.722] [ERROR] error - MongoServerError: E11000 duplicate key error collection: test.users index: username_1 dup key: { username: null }
    at D:\COSAS DE CODER\curso back\ENTREGA FINAL 3 BACK\node_modules\mongodb\lib\operations\insert.js:53:33
    at D:\COSAS DE CODER\curso back\ENTREGA FINAL 3 BACK\node_modules\mongodb\lib\cmap\connection_pool.js:333:25
    at D:\COSAS DE CODER\curso back\ENTREGA FINAL 3 BACK\node_modules\mongodb\lib\sdam\server.js:212:17
    at handleOperationResult (D:\COSAS DE CODER\curso back\ENTREGA FINAL 3 BACK\node_modules\mongodb\lib\sdam\server.js:328:20)
    at Connection.onMessage (D:\COSAS DE CODER\curso back\ENTREGA FINAL 3 BACK\node_modules\mongodb\lib\cmap\connection.js:239:9)
    at MessageStream.<anonymous> (D:\COSAS DE CODER\curso back\ENTREGA FINAL 3 BACK\node_modules\mongodb\lib\cmap\connection.js:60:60)
    at MessageStream.emit (node:events:527:28)
    at processIncomingData (D:\COSAS DE CODER\curso back\ENTREGA FINAL 3 BACK\node_modules\mongodb\lib\cmap\message_stream.js:125:16)
    at MessageStream._write (D:\COSAS DE CODER\curso back\ENTREGA FINAL 3 BACK\node_modules\mongodb\lib\cmap\message_stream.js:33:9)
    at writeOrBuffer (node:internal/streams/writable:389:12) {
  index: 0,
  code: 11000,
  keyPattern: { username: 1 },
  keyValue: { username: null },
  [Symbol(errorLabels)]: Set(0) {}
}
[2023-01-30T17:21:31.653] [ERROR] error - MongoServerError: E11000 duplicate key error collection: test.users index: username_1 dup key: { username: null }
    at D:\COSAS DE CODER\curso back\ENTREGA FINAL 3 BACK\node_modules\mongodb\lib\operations\insert.js:53:33
    at D:\COSAS DE CODER\curso back\ENTREGA FINAL 3 BACK\node_modules\mongodb\lib\cmap\connection_pool.js:333:25
    at D:\COSAS DE CODER\curso back\ENTREGA FINAL 3 BACK\node_modules\mongodb\lib\sdam\server.js:212:17
    at handleOperationResult (D:\COSAS DE CODER\curso back\ENTREGA FINAL 3 BACK\node_modules\mongodb\lib\sdam\server.js:328:20)
    at Connection.onMessage (D:\COSAS DE CODER\curso back\ENTREGA FINAL 3 BACK\node_modules\mongodb\lib\cmap\connection.js:239:9)
    at MessageStream.<anonymous> (D:\COSAS DE CODER\curso back\ENTREGA FINAL 3 BACK\node_modules\mongodb\lib\cmap\connection.js:60:60)
    at MessageStream.emit (node:events:527:28)
    at processIncomingData (D:\COSAS DE CODER\curso back\ENTREGA FINAL 3 BACK\node_modules\mongodb\lib\cmap\message_stream.js:125:16)
    at MessageStream._write (D:\COSAS DE CODER\curso back\ENTREGA FINAL 3 BACK\node_modules\mongodb\lib\cmap\message_stream.js:33:9)
    at writeOrBuffer (node:internal/streams/writable:389:12) {
  index: 0,
  code: 11000,
  keyPattern: { username: 1 },
  keyValue: { username: null },
  [Symbol(errorLabels)]: Set(0) {}
}
[2023-01-30T17:33:45.717] [ERROR] error - MongoServerError: E11000 duplicate key error collection: test.users index: username_1 dup key: { username: null }
    at D:\COSAS DE CODER\curso back\ENTREGA FINAL 3 BACK\node_modules\mongodb\lib\operations\insert.js:53:33
    at D:\COSAS DE CODER\curso back\ENTREGA FINAL 3 BACK\node_modules\mongodb\lib\cmap\connection_pool.js:333:25
    at D:\COSAS DE CODER\curso back\ENTREGA FINAL 3 BACK\node_modules\mongodb\lib\sdam\server.js:212:17
    at handleOperationResult (D:\COSAS DE CODER\curso back\ENTREGA FINAL 3 BACK\node_modules\mongodb\lib\sdam\server.js:328:20)
    at Connection.onMessage (D:\COSAS DE CODER\curso back\ENTREGA FINAL 3 BACK\node_modules\mongodb\lib\cmap\connection.js:239:9)
    at MessageStream.<anonymous> (D:\COSAS DE CODER\curso back\ENTREGA FINAL 3 BACK\node_modules\mongodb\lib\cmap\connection.js:60:60)
    at MessageStream.emit (node:events:527:28)
    at processIncomingData (D:\COSAS DE CODER\curso back\ENTREGA FINAL 3 BACK\node_modules\mongodb\lib\cmap\message_stream.js:125:16)
    at MessageStream._write (D:\COSAS DE CODER\curso back\ENTREGA FINAL 3 BACK\node_modules\mongodb\lib\cmap\message_stream.js:33:9)
    at writeOrBuffer (node:internal/streams/writable:389:12) {
  index: 0,
  code: 11000,
  keyPattern: { username: 1 },
  keyValue: { username: null },
  [Symbol(errorLabels)]: Set(0) {}
}
[2023-01-30T17:36:17.086] [ERROR] error - MongoServerError: E11000 duplicate key error collection: test.users index: username_1 dup key: { username: null }
    at D:\COSAS DE CODER\curso back\ENTREGA FINAL 3 BACK\node_modules\mongodb\lib\operations\insert.js:53:33
    at D:\COSAS DE CODER\curso back\ENTREGA FINAL 3 BACK\node_modules\mongodb\lib\cmap\connection_pool.js:333:25
    at D:\COSAS DE CODER\curso back\ENTREGA FINAL 3 BACK\node_modules\mongodb\lib\sdam\server.js:212:17
    at handleOperationResult (D:\COSAS DE CODER\curso back\ENTREGA FINAL 3 BACK\node_modules\mongodb\lib\sdam\server.js:328:20)
    at Connection.onMessage (D:\COSAS DE CODER\curso back\ENTREGA FINAL 3 BACK\node_modules\mongodb\lib\cmap\connection.js:239:9)
    at MessageStream.<anonymous> (D:\COSAS DE CODER\curso back\ENTREGA FINAL 3 BACK\node_modules\mongodb\lib\cmap\connection.js:60:60)
    at MessageStream.emit (node:events:527:28)
    at processIncomingData (D:\COSAS DE CODER\curso back\ENTREGA FINAL 3 BACK\node_modules\mongodb\lib\cmap\message_stream.js:125:16)
    at MessageStream._write (D:\COSAS DE CODER\curso back\ENTREGA FINAL 3 BACK\node_modules\mongodb\lib\cmap\message_stream.js:33:9)
    at writeOrBuffer (node:internal/streams/writable:389:12) {
  index: 0,
  code: 11000,
  keyPattern: { username: 1 },
  keyValue: { username: null },
  [Symbol(errorLabels)]: Set(0) {}
}
[2023-01-30T17:50:22.830] [ERROR] error - MongoServerError: E11000 duplicate key error collection: test.users index: username_1 dup key: { username: null }
    at D:\COSAS DE CODER\curso back\ENTREGA FINAL 3 BACK\node_modules\mongodb\lib\operations\insert.js:53:33
    at D:\COSAS DE CODER\curso back\ENTREGA FINAL 3 BACK\node_modules\mongodb\lib\cmap\connection_pool.js:333:25
    at D:\COSAS DE CODER\curso back\ENTREGA FINAL 3 BACK\node_modules\mongodb\lib\sdam\server.js:212:17
    at handleOperationResult (D:\COSAS DE CODER\curso back\ENTREGA FINAL 3 BACK\node_modules\mongodb\lib\sdam\server.js:328:20)
    at Connection.onMessage (D:\COSAS DE CODER\curso back\ENTREGA FINAL 3 BACK\node_modules\mongodb\lib\cmap\connection.js:239:9)
    at MessageStream.<anonymous> (D:\COSAS DE CODER\curso back\ENTREGA FINAL 3 BACK\node_modules\mongodb\lib\cmap\connection.js:60:60)
    at MessageStream.emit (node:events:527:28)
    at processIncomingData (D:\COSAS DE CODER\curso back\ENTREGA FINAL 3 BACK\node_modules\mongodb\lib\cmap\message_stream.js:125:16)
    at MessageStream._write (D:\COSAS DE CODER\curso back\ENTREGA FINAL 3 BACK\node_modules\mongodb\lib\cmap\message_stream.js:33:9)
    at writeOrBuffer (node:internal/streams/writable:389:12) {
  index: 0,
  code: 11000,
  keyPattern: { username: 1 },
  keyValue: { username: null },
  [Symbol(errorLabels)]: Set(0) {}
}
[2023-01-30T17:55:00.177] [ERROR] error - MongoServerError: E11000 duplicate key error collection: test.users index: username_1 dup key: { username: null }
    at D:\COSAS DE CODER\curso back\ENTREGA FINAL 3 BACK\node_modules\mongodb\lib\operations\insert.js:53:33
    at D:\COSAS DE CODER\curso back\ENTREGA FINAL 3 BACK\node_modules\mongodb\lib\cmap\connection_pool.js:333:25
    at D:\COSAS DE CODER\curso back\ENTREGA FINAL 3 BACK\node_modules\mongodb\lib\sdam\server.js:212:17
    at handleOperationResult (D:\COSAS DE CODER\curso back\ENTREGA FINAL 3 BACK\node_modules\mongodb\lib\sdam\server.js:328:20)
    at Connection.onMessage (D:\COSAS DE CODER\curso back\ENTREGA FINAL 3 BACK\node_modules\mongodb\lib\cmap\connection.js:239:9)
    at MessageStream.<anonymous> (D:\COSAS DE CODER\curso back\ENTREGA FINAL 3 BACK\node_modules\mongodb\lib\cmap\connection.js:60:60)
    at MessageStream.emit (node:events:527:28)
    at processIncomingData (D:\COSAS DE CODER\curso back\ENTREGA FINAL 3 BACK\node_modules\mongodb\lib\cmap\message_stream.js:125:16)
    at MessageStream._write (D:\COSAS DE CODER\curso back\ENTREGA FINAL 3 BACK\node_modules\mongodb\lib\cmap\message_stream.js:33:9)
    at writeOrBuffer (node:internal/streams/writable:389:12) {
  index: 0,
  code: 11000,
  keyPattern: { username: 1 },
  keyValue: { username: null },
  [Symbol(errorLabels)]: Set(0) {}
}
[2023-01-30T18:00:24.840] [ERROR] error - MongoServerError: E11000 duplicate key error collection: test.users index: username_1 dup key: { username: null }
    at D:\COSAS DE CODER\curso back\ENTREGA FINAL 3 BACK\node_modules\mongodb\lib\operations\insert.js:53:33
    at D:\COSAS DE CODER\curso back\ENTREGA FINAL 3 BACK\node_modules\mongodb\lib\cmap\connection_pool.js:333:25
    at D:\COSAS DE CODER\curso back\ENTREGA FINAL 3 BACK\node_modules\mongodb\lib\sdam\server.js:212:17
    at handleOperationResult (D:\COSAS DE CODER\curso back\ENTREGA FINAL 3 BACK\node_modules\mongodb\lib\sdam\server.js:328:20)
    at Connection.onMessage (D:\COSAS DE CODER\curso back\ENTREGA FINAL 3 BACK\node_modules\mongodb\lib\cmap\connection.js:239:9)
    at MessageStream.<anonymous> (D:\COSAS DE CODER\curso back\ENTREGA FINAL 3 BACK\node_modules\mongodb\lib\cmap\connection.js:60:60)
    at MessageStream.emit (node:events:527:28)
    at processIncomingData (D:\COSAS DE CODER\curso back\ENTREGA FINAL 3 BACK\node_modules\mongodb\lib\cmap\message_stream.js:125:16)
    at MessageStream._write (D:\COSAS DE CODER\curso back\ENTREGA FINAL 3 BACK\node_modules\mongodb\lib\cmap\message_stream.js:33:9)
    at writeOrBuffer (node:internal/streams/writable:389:12) {
  index: 0,
  code: 11000,
  keyPattern: { username: 1 },
  keyValue: { username: null },
  [Symbol(errorLabels)]: Set(0) {}
}
